[1m[33m[33m▲ [43;33m[[43;30mWARNING[43;33m][0m [1mNG8107: NG8107: The left side of this optional chain operation does not include 'null' or 'undefined' in its type, therefore the '?.' operator can be replaced with the '.' operator. Find more at https://v21.angular.dev/extended-diagnostics/NG8107[0m [1m[35m[plugin angular-compiler][0m

    src/app/components/faculty-dashboard/faculty-dashboard.component.html:72:55:
[37m      72 │                                     {{ slot.subjectId?.[32msubjectName[37m }}
         ╵                                                        [32m~~~~~~~~~~~[0m

  Warning occurs in the template of component FacultyDashboardComponent.

    src/app/components/faculty-dashboard/faculty-dashboard.component.ts:13:17:
[37m      13 │     templateUrl: [32m'./faculty-dashboard.component.html'[37m,
         ╵                  [32m~~~~~~~~~~~~~~~~~~~~~~~~~~~~~~~~~~~~[0m


[33m▲ [43;33m[[43;30mWARNING[43;33m][0m [1mNG8107: NG8107: The left side of this optional chain operation does not include 'null' or 'undefined' in its type, therefore the '?.' operator can be replaced with the '.' operator. Find more at https://v21.angular.dev/extended-diagnostics/NG8107[0m [1m[35m[plugin angular-compiler][0m

    src/app/components/faculty-dashboard/faculty-dashboard.component.html:75:95:
[37m      75 │ ...<i class="bi bi-grid-fill me-1"></i>Batch {{ slot.batchId?.[32mname[37m }}
         ╵                                                               [32m~~~~[0m

  Warning occurs in the template of component FacultyDashboardComponent.

    src/app/components/faculty-dashboard/faculty-dashboard.component.ts:13:17:
[37m      13 │     templateUrl: [32m'./faculty-dashboard.component.html'[37m,
         ╵                  [32m~~~~~~~~~~~~~~~~~~~~~~~~~~~~~~~~~~~~[0m


[33m▲ [43;33m[[43;30mWARNING[43;33m][0m [1mNG8107: NG8107: The left side of this optional chain operation does not include 'null' or 'undefined' in its type, therefore the '?.' operator can be replaced with the '.' operator. Find more at https://v21.angular.dev/extended-diagnostics/NG8107[0m [1m[35m[plugin angular-compiler][0m

    src/app/components/student-dashboard/student-dashboard.component.html:65:59:
[37m      65 │ ...                                 {{ slot.subjectId?.[32msubjectName[37m }}
         ╵                                                        [32m~~~~~~~~~~~[0m

  Warning occurs in the template of component StudentDashboardComponent.

    src/app/components/student-dashboard/student-dashboard.component.ts:14:17:
[37m      14 │     templateUrl: [32m'./student-dashboard.component.html'[37m,
         ╵                  [32m~~~~~~~~~~~~~~~~~~~~~~~~~~~~~~~~~~~~[0m

[39m[22m
